✖ [8387/8388] Building Solution (138s)
trace: .> LEAN_PATH=/Users/silveregangloff/Desktop/graphical-reasoning/experiments/workspace_template/.lake/packages/Cli/.lake/build/lib/lean:/Users/silveregangloff/Desktop/graphical-reasoning/experiments/workspace_template/.lake/packages/batteries/.lake/build/lib/lean:/Users/silveregangloff/Desktop/graphical-reasoning/experiments/workspace_template/.lake/packages/Qq/.lake/build/lib/lean:/Users/silveregangloff/Desktop/graphical-reasoning/experiments/workspace_template/.lake/packages/aesop/.lake/build/lib/lean:/Users/silveregangloff/Desktop/graphical-reasoning/experiments/workspace_template/.lake/packages/proofwidgets/.lake/build/lib/lean:/Users/silveregangloff/Desktop/graphical-reasoning/experiments/workspace_template/.lake/packages/importGraph/.lake/build/lib/lean:/Users/silveregangloff/Desktop/graphical-reasoning/experiments/workspace_template/.lake/packages/LeanSearchClient/.lake/build/lib/lean:/Users/silveregangloff/Desktop/graphical-reasoning/experiments/workspace_template/.lake/packages/plausible/.lake/build/lib/lean:/Users/silveregangloff/Desktop/graphical-reasoning/experiments/workspace_template/.lake/packages/mathlib/.lake/build/lib/lean:/private/var/folders/pl/c57pb2_52t513h0r4dgr0ryc0000gn/T/exp_2000_A1__A__r1_loklvgiz/workspace/.lake/build/lib/lean /Users/silveregangloff/.elan/toolchains/leanprover--lean4---v4.30.0-rc2/bin/lean /private/var/folders/pl/c57pb2_52t513h0r4dgr0ryc0000gn/T/exp_2000_A1__A__r1_loklvgiz/workspace/Solution.lean -o /private/var/folders/pl/c57pb2_52t513h0r4dgr0ryc0000gn/T/exp_2000_A1__A__r1_loklvgiz/workspace/.lake/build/lib/lean/Solution.olean -i /private/var/folders/pl/c57pb2_52t513h0r4dgr0ryc0000gn/T/exp_2000_A1__A__r1_loklvgiz/workspace/.lake/build/lib/lean/Solution.ilean -c /private/var/folders/pl/c57pb2_52t513h0r4dgr0ryc0000gn/T/exp_2000_A1__A__r1_loklvgiz/workspace/.lake/build/ir/Solution.c --setup /private/var/folders/pl/c57pb2_52t513h0r4dgr0ryc0000gn/T/exp_2000_A1__A__r1_loklvgiz/workspace/.lake/build/ir/Solution.setup.json --json
error: Solution.lean:19:12: Tactic `rewrite` failed: Did not find an occurrence of the pattern
  ∑' (b : ℕ), x b ^ 2
in the target expression
  x 0 ^ 2 ≤ S

A : ℝ
hA : 0 < A
S : ℝ
x : ℕ → ℝ
hxpos : ∀ (j : ℕ), 0 < x j
hxsum : HasSum x A
hxsqsum : HasSum (fun j => x j ^ 2) S
hsum_nonneg : ∀ (j : ℕ), 0 ≤ x j ^ 2
this : S = ∑' (b : ℕ), x b ^ 2
⊢ x 0 ^ 2 ≤ S
error: Lean exited with code 1
Some required targets logged failures:
- Solution

--- stderr ---
error: build failed
