‚úĖ [8387/8388] Building Solution (93s)
trace: .> LEAN_PATH=/Users/silveregangloff/Desktop/graphical-reasoning/experiments/workspace_template/.lake/packages/Cli/.lake/build/lib/lean:/Users/silveregangloff/Desktop/graphical-reasoning/experiments/workspace_template/.lake/packages/batteries/.lake/build/lib/lean:/Users/silveregangloff/Desktop/graphical-reasoning/experiments/workspace_template/.lake/packages/Qq/.lake/build/lib/lean:/Users/silveregangloff/Desktop/graphical-reasoning/experiments/workspace_template/.lake/packages/aesop/.lake/build/lib/lean:/Users/silveregangloff/Desktop/graphical-reasoning/experiments/workspace_template/.lake/packages/proofwidgets/.lake/build/lib/lean:/Users/silveregangloff/Desktop/graphical-reasoning/experiments/workspace_template/.lake/packages/importGraph/.lake/build/lib/lean:/Users/silveregangloff/Desktop/graphical-reasoning/experiments/workspace_template/.lake/packages/LeanSearchClient/.lake/build/lib/lean:/Users/silveregangloff/Desktop/graphical-reasoning/experiments/workspace_template/.lake/packages/plausible/.lake/build/lib/lean:/Users/silveregangloff/Desktop/graphical-reasoning/experiments/workspace_template/.lake/packages/mathlib/.lake/build/lib/lean:/private/var/folders/pl/c57pb2_52t513h0r4dgr0ryc0000gn/T/exp_2003_B2__B__r0_k5hcwuo9/workspace/.lake/build/lib/lean /Users/silveregangloff/.elan/toolchains/leanprover--lean4---v4.30.0-rc2/bin/lean /private/var/folders/pl/c57pb2_52t513h0r4dgr0ryc0000gn/T/exp_2003_B2__B__r0_k5hcwuo9/workspace/Solution.lean -o /private/var/folders/pl/c57pb2_52t513h0r4dgr0ryc0000gn/T/exp_2003_B2__B__r0_k5hcwuo9/workspace/.lake/build/lib/lean/Solution.olean -i /private/var/folders/pl/c57pb2_52t513h0r4dgr0ryc0000gn/T/exp_2003_B2__B__r0_k5hcwuo9/workspace/.lake/build/lib/lean/Solution.ilean -c /private/var/folders/pl/c57pb2_52t513h0r4dgr0ryc0000gn/T/exp_2003_B2__B__r0_k5hcwuo9/workspace/.lake/build/ir/Solution.c --setup /private/var/folders/pl/c57pb2_52t513h0r4dgr0ryc0000gn/T/exp_2003_B2__B__r0_k5hcwuo9/workspace/.lake/build/ir/Solution.setup.json --json
error: Solution.lean:63:75: unexpected token ':'; expected ')'
error: Solution.lean:63:59: failed to synthesize instance of type class
  HAdd ‚ĄĚ ‚Ąē ?m.233

Hint: Type class instance resolution failures can be inspected with the `set_option trace.Meta.synthInstance true` command.
error: Solution.lean:63:13: failed to synthesize instance of type class
  AddCommMonoid (Sort ?u.2359.3030)

Hint: Type class instance resolution failures can be inspected with the `set_option trace.Meta.synthInstance true` command.
error: Solution.lean:50:70: unsolved goals
case eq2
j i : ‚Ąē
h :
  ‚ąĎ k ‚ąą range (j + 2), ‚ÜĎ((j + 1).choose k) * (1 / (‚ÜĎi + ‚ÜĎk + 1)) =
    ‚ąĎ k ‚ąą range (j + 1), ‚ÜĎ(j.choose k) * (1 / (‚ÜĎi + ‚ÜĎk + 1)) +
      ‚ąĎ k ‚ąą range (j + 1), ‚ÜĎ(j.choose k) * (1 / (‚ÜĎi + ‚ÜĎ(k + 1) + 1))
lhs_eq :
  ‚ąĎ k ‚ąą range (j + 1 + 1), ‚ÜĎ((j + 1).choose k) / (‚ÜĎi + ‚ÜĎk + 1) =
    ‚ąĎ k ‚ąą range (j + 2), ‚ÜĎ((j + 1).choose k) * (1 / (‚ÜĎi + ‚ÜĎk + 1))
eq1 : ‚ąĎ k ‚ąą range (j + 1), ‚ÜĎ(j.choose k) * (1 / (‚ÜĎi + ‚ÜĎk + 1)) = ‚ąĎ k ‚ąą range (j + 1), ‚ÜĎ(j.choose k) / (‚ÜĎi + ‚ÜĎk + 1)
‚äĘ sorry

j i : ‚Ąē
h :
  ‚ąĎ k ‚ąą range (j + 2), ‚ÜĎ((j + 1).choose k) * (1 / (‚ÜĎi + ‚ÜĎk + 1)) =
    ‚ąĎ k ‚ąą range (j + 1), ‚ÜĎ(j.choose k) * (1 / (‚ÜĎi + ‚ÜĎk + 1)) +
      ‚ąĎ k ‚ąą range (j + 1), ‚ÜĎ(j.choose k) * (1 / (‚ÜĎi + ‚ÜĎ(k + 1) + 1))
lhs_eq :
  ‚ąĎ k ‚ąą range (j + 1 + 1), ‚ÜĎ((j + 1).choose k) / (‚ÜĎi + ‚ÜĎk + 1) =
    ‚ąĎ k ‚ąą range (j + 2), ‚ÜĎ((j + 1).choose k) * (1 / (‚ÜĎi + ‚ÜĎk + 1))
eq1 : ‚ąĎ k ‚ąą range (j + 1), ‚ÜĎ(j.choose k) * (1 / (‚ÜĎi + ‚ÜĎk + 1)) = ‚ąĎ k ‚ąą range (j + 1), ‚ÜĎ(j.choose k) / (‚ÜĎi + ‚ÜĎk + 1)
eq2 : sorry
‚äĘ ‚ąĎ k ‚ąą range (j + 1), ‚ÜĎ(j.choose k) * (1 / (‚ÜĎi + ‚ÜĎk + 1)) +
      ‚ąĎ k ‚ąą range (j + 1), ‚ÜĎ(j.choose k) * (1 / (‚ÜĎi + ‚ÜĎ(k + 1) + 1)) =
    ‚ąĎ k ‚ąą range (j + 1), ‚ÜĎ(j.choose k) / (‚ÜĎi + ‚ÜĎk + 1) + ‚ąĎ k ‚ąą range (j + 1), ‚ÜĎ(j.choose k) / (‚ÜĎ(i + 1) + ‚ÜĎk + 1)
error: Solution.lean:80:4: No goals to be solved
warning: Solution.lean:91:17: `Nat.succ_mul_choose_eq` has been deprecated: Use `Nat.add_one_mul_choose_eq` instead
info: Solution.lean:138:25: Try this:
  [apply] ring_nf
  
  The `ring` tactic failed to close the goal. Use `ring_nf` to obtain a normal form.
    
  Note that `ring` works primarily in *commutative* rings. If you have a noncommutative ring, abelian group or module, consider using `noncomm_ring`, `abel` or `module` instead.
error: Solution.lean:136:38: unsolved goals
n : ‚Ąē
hn : 1 ‚Č§ n
hn1 : n - 1 + 1 = n
eq1 : ‚ąÄ k ‚ąą range n, ‚ÜĎ((n - 1).choose k) / (‚ÜĎ0 + ‚ÜĎk + 1) = ‚ÜĎ((n - 1).choose k) / (‚ÜĎk + 1)
hn0 : ‚ÜĎn > 0
h2pos : 0 < 2 ^ (n - 1)
this : n = n - 1 + 1
‚äĘ 2 ^ (n - 1) * 2 = 2 ^ (1 + (n - 1) - 1) * 2
error: Solution.lean:144:6: Unknown identifier `div_lt_iff`
error: Solution.lean:123:74: unsolved goals
n : ‚Ąē
hn : 1 ‚Č§ n
hn1 : n - 1 + 1 = n
eq1 : ‚ąÄ k ‚ąą range n, ‚ÜĎ((n - 1).choose k) / (‚ÜĎ0 + ‚ÜĎk + 1) = ‚ÜĎ((n - 1).choose k) / (‚ÜĎk + 1)
hn0 : ‚ÜĎn > 0
h2pos : 0 < 2 ^ (n - 1)
h2n : 2 ^ n = 2 * 2 ^ (n - 1)
hne : ‚ÜĎn ‚Č† 0
h2ne : 2 ^ (n - 1) ‚Č† 0
‚äĘ (2 ^ n - 1) / (‚ÜĎn * 2 ^ (n - 1)) < 2 / ‚ÜĎn
error: Lean exited with code 1
Some required targets logged failures:
- Solution

--- stderr ---
error: build failed
