‚úĖ [8387/8388] Building Solution (148s)
trace: .> LEAN_PATH=/Users/silveregangloff/Desktop/graphical-reasoning/experiments/workspace_template/.lake/packages/Cli/.lake/build/lib/lean:/Users/silveregangloff/Desktop/graphical-reasoning/experiments/workspace_template/.lake/packages/batteries/.lake/build/lib/lean:/Users/silveregangloff/Desktop/graphical-reasoning/experiments/workspace_template/.lake/packages/Qq/.lake/build/lib/lean:/Users/silveregangloff/Desktop/graphical-reasoning/experiments/workspace_template/.lake/packages/aesop/.lake/build/lib/lean:/Users/silveregangloff/Desktop/graphical-reasoning/experiments/workspace_template/.lake/packages/proofwidgets/.lake/build/lib/lean:/Users/silveregangloff/Desktop/graphical-reasoning/experiments/workspace_template/.lake/packages/importGraph/.lake/build/lib/lean:/Users/silveregangloff/Desktop/graphical-reasoning/experiments/workspace_template/.lake/packages/LeanSearchClient/.lake/build/lib/lean:/Users/silveregangloff/Desktop/graphical-reasoning/experiments/workspace_template/.lake/packages/plausible/.lake/build/lib/lean:/Users/silveregangloff/Desktop/graphical-reasoning/experiments/workspace_template/.lake/packages/mathlib/.lake/build/lib/lean:/private/var/folders/pl/c57pb2_52t513h0r4dgr0ryc0000gn/T/exp_1994_A1__B__r2_ul77l98j/workspace/.lake/build/lib/lean /Users/silveregangloff/.elan/toolchains/leanprover--lean4---v4.30.0-rc2/bin/lean /private/var/folders/pl/c57pb2_52t513h0r4dgr0ryc0000gn/T/exp_1994_A1__B__r2_ul77l98j/workspace/Solution.lean -o /private/var/folders/pl/c57pb2_52t513h0r4dgr0ryc0000gn/T/exp_1994_A1__B__r2_ul77l98j/workspace/.lake/build/lib/lean/Solution.olean -i /private/var/folders/pl/c57pb2_52t513h0r4dgr0ryc0000gn/T/exp_1994_A1__B__r2_ul77l98j/workspace/.lake/build/lib/lean/Solution.ilean -c /private/var/folders/pl/c57pb2_52t513h0r4dgr0ryc0000gn/T/exp_1994_A1__B__r2_ul77l98j/workspace/.lake/build/ir/Solution.c --setup /private/var/folders/pl/c57pb2_52t513h0r4dgr0ryc0000gn/T/exp_1994_A1__B__r2_ul77l98j/workspace/.lake/build/ir/Solution.setup.json --json
info: Solution.lean:27:6: Try this:
  [apply] ring_nf
  
  The `ring` tactic failed to close the goal. Use `ring_nf` to obtain a normal form.
    
  Note that `ring` works primarily in *commutative* rings. If you have a noncommutative ring, abelian group or module, consider using `noncomm_ring`, `abel` or `module` instead.
error: Solution.lean:20:16: unsolved goals
case succ
a : ‚Ąē ‚Üí ‚ĄĚ
ha : ‚ąÄ n ‚Č• 1, 0 < a n ‚ąß a n ‚Č§ a (2 * n) + a (2 * n + 1)
hsum : Summable a
hpos1 : 0 < a 1
hineq : ‚ąÄ (n : ‚Ąē), 1 ‚Č§ n ‚Üí a n ‚Č§ a (2 * n) + a (2 * n + 1)
k : ‚Ąē
ih : ‚ąĎ n ‚ąą Ico 1 (k + 1), (a (2 * n) + a (2 * n + 1)) = ‚ąĎ m ‚ąą Ico 2 (2 * k + 2), a m
‚äĘ ‚ąĎ x ‚ąą Ico 2 (2 + k * 2), a x + a (k.succ * 2) + a (1 + k.succ * 2) =
    ‚ąĎ x ‚ąą Ico 2 (2 + k * 2), a x + a (2 + k * 2) + a (3 + k * 2)
error: Solution.lean:38:4: Tactic `apply` failed: could not unify the conclusion of `@add_le_add_left`
  ?b + ?a ‚Č§ ?c + ?a
with the goal
  a 1 + ‚ąĎ n ‚ąą Ico 1 (N + 1), a n ‚Č§ a 1 + ‚ąĎ n ‚ąą Ico 1 (N + 1), (a (2 * n) + a (2 * n + 1))

Note: The full type of `@add_le_add_left` is
  ‚ąÄ {őĪ : Type ?u.795.26672} [inst : Add őĪ] [inst_1 : LE őĪ] [i : AddRightMono őĪ] {b c : őĪ},
    b ‚Č§ c ‚Üí ‚ąÄ (a : őĪ), b + a ‚Č§ c + a

a : ‚Ąē ‚Üí ‚ĄĚ
ha : ‚ąÄ n ‚Č• 1, 0 < a n ‚ąß a n ‚Č§ a (2 * n) + a (2 * n + 1)
hsum : Summable a
hpos1 : 0 < a 1
hineq : ‚ąÄ (n : ‚Ąē), 1 ‚Č§ n ‚Üí a n ‚Č§ a (2 * n) + a (2 * n + 1)
reindex : ‚ąÄ (N : ‚Ąē), ‚ąĎ n ‚ąą Ico 1 (N + 1), (a (2 * n) + a (2 * n + 1)) = ‚ąĎ m ‚ąą Ico 2 (2 * N + 2), a m
N : ‚Ąē
hsplit : Ico 1 (2 * N + 2) = insert 1 (Ico 2 (2 * N + 2))
hnotmem : 1 ‚ąČ Ico 2 (2 * N + 2)
‚äĘ a 1 + ‚ąĎ n ‚ąą Ico 1 (N + 1), a n ‚Č§ a 1 + ‚ąĎ n ‚ąą Ico 1 (N + 1), (a (2 * n) + a (2 * n + 1))
error: Solution.lean:100:6: Unknown constant `Filter.tendsto_natCast_atTop_atTop`
error: Solution.lean:106:4: Type mismatch
  Filter.Tendsto.eventually_gt_atTop hkinf ?m.1252
has type
  Filter.Eventually (fun (x : ‚Ąē) => ?m.1252 < ‚ÜĎx * a 1) Filter.atTop
but is expected to have type
  Filter.Eventually (fun (k : ‚ĄĚ) => k * a 1 > ‚ąĎ' (n : ‚Ąē), a n + 1 - a 0) Filter.atTop
error: Solution.lean:8:20: unsolved goals
a : ‚Ąē ‚Üí ‚ĄĚ
ha : ‚ąÄ n ‚Č• 1, 0 < a n ‚ąß a n ‚Č§ a (2 * n) + a (2 * n + 1)
hsum : Summable a
hpos1 : 0 < a 1
hineq : ‚ąÄ (n : ‚Ąē), 1 ‚Č§ n ‚Üí a n ‚Č§ a (2 * n) + a (2 * n + 1)
reindex : ‚ąÄ (N : ‚Ąē), ‚ąĎ n ‚ąą Ico 1 (N + 1), (a (2 * n) + a (2 * n + 1)) = ‚ąĎ m ‚ąą Ico 2 (2 * N + 2), a m
key : ‚ąÄ (N : ‚Ąē), a 1 + ‚ąĎ n ‚ąą Ico 1 (N + 1), a n ‚Č§ ‚ąĎ m ‚ąą Ico 1 (2 * N + 2), a m
key_range : ‚ąÄ (N : ‚Ąē), a 1 + ‚ąĎ n ‚ąą range (N + 1), a n ‚Č§ ‚ąĎ m ‚ąą range (2 * N + 2), a m
iter : ‚ąÄ (k : ‚Ąē), a 0 + ‚ÜĎk * a 1 ‚Č§ ‚ąĎ n ‚ąą range (2 ^ k), a n
htendsto : Filter.Tendsto (fun N => ‚ąĎ n ‚ąą range N, a n) Filter.atTop (nhds (‚ąĎ' (n : ‚Ąē), a n))
h2k_tendsto : Filter.Tendsto (fun k => 2 ^ k) Filter.atTop Filter.atTop
hsub : Filter.Tendsto (fun k => ‚ąĎ n ‚ąą range (2 ^ k), a n) Filter.atTop (nhds (‚ąĎ' (n : ‚Ąē), a n))
hkinf : Filter.Tendsto (fun k => ‚ÜĎk * a 1) Filter.atTop Filter.atTop
hev1 : ‚ąÄŠ∂† (k : ‚Ąē) in Filter.atTop, ‚ąĎ n ‚ąą range (2 ^ k), a n ‚Č§ ‚ąĎ' (n : ‚Ąē), a n + 1
hev2 : ‚ąÄŠ∂† (k : ‚ĄĚ) in Filter.atTop, k * a 1 > ‚ąĎ' (n : ‚Ąē), a n + 1 - a 0
‚äĘ False
warning: Solution.lean:67:22: This simp argument is unused:
  Finset.sum_range_one

Hint: Omit it from the simp argument list.
  simp [pow_zero,ŐĶ ŐĶFŐĶiŐĶnŐĶsŐĶeŐĶtŐĶ.ŐĶsŐĶuŐĶmŐĶ_ŐĶrŐĶaŐĶnŐĶgŐĶeŐĶ_ŐĶoŐĶnŐĶeŐĶ]

Note: This linter can be disabled with `set_option linter.unusedSimpArgs false`
error: Lean exited with code 1
Some required targets logged failures:
- Solution

--- stderr ---
error: build failed
