‚úĖ [8387/8388] Building Solution (360s)
trace: .> LEAN_PATH=/Users/silveregangloff/Desktop/graphical-reasoning/experiments/workspace_template/.lake/packages/Cli/.lake/build/lib/lean:/Users/silveregangloff/Desktop/graphical-reasoning/experiments/workspace_template/.lake/packages/batteries/.lake/build/lib/lean:/Users/silveregangloff/Desktop/graphical-reasoning/experiments/workspace_template/.lake/packages/Qq/.lake/build/lib/lean:/Users/silveregangloff/Desktop/graphical-reasoning/experiments/workspace_template/.lake/packages/aesop/.lake/build/lib/lean:/Users/silveregangloff/Desktop/graphical-reasoning/experiments/workspace_template/.lake/packages/proofwidgets/.lake/build/lib/lean:/Users/silveregangloff/Desktop/graphical-reasoning/experiments/workspace_template/.lake/packages/importGraph/.lake/build/lib/lean:/Users/silveregangloff/Desktop/graphical-reasoning/experiments/workspace_template/.lake/packages/LeanSearchClient/.lake/build/lib/lean:/Users/silveregangloff/Desktop/graphical-reasoning/experiments/workspace_template/.lake/packages/plausible/.lake/build/lib/lean:/Users/silveregangloff/Desktop/graphical-reasoning/experiments/workspace_template/.lake/packages/mathlib/.lake/build/lib/lean:/private/var/folders/pl/c57pb2_52t513h0r4dgr0ryc0000gn/T/exp_1996_B2__b__r2_j1lhjm20/workspace/.lake/build/lib/lean /Users/silveregangloff/.elan/toolchains/leanprover--lean4---v4.30.0-rc2/bin/lean /private/var/folders/pl/c57pb2_52t513h0r4dgr0ryc0000gn/T/exp_1996_B2__b__r2_j1lhjm20/workspace/Solution.lean -o /private/var/folders/pl/c57pb2_52t513h0r4dgr0ryc0000gn/T/exp_1996_B2__b__r2_j1lhjm20/workspace/.lake/build/lib/lean/Solution.olean -i /private/var/folders/pl/c57pb2_52t513h0r4dgr0ryc0000gn/T/exp_1996_B2__b__r2_j1lhjm20/workspace/.lake/build/lib/lean/Solution.ilean -c /private/var/folders/pl/c57pb2_52t513h0r4dgr0ryc0000gn/T/exp_1996_B2__b__r2_j1lhjm20/workspace/.lake/build/ir/Solution.c --setup /private/var/folders/pl/c57pb2_52t513h0r4dgr0ryc0000gn/T/exp_1996_B2__b__r2_j1lhjm20/workspace/.lake/build/ir/Solution.setup.json --json
error: Solution.lean:47:90: unsolved goals
n : ‚Ąē
hn : 0 < n
lt_of_log_lt : ‚ąÄ (a b : ‚ĄĚ), 0 < a ‚Üí 0 < b ‚Üí Real.log a < Real.log b ‚Üí a < b
m k : ‚Ąē
hk : 1 ‚Č§ k
ih :
  (2 * ‚ÜĎk - 1) / 2 * (Real.log (2 * ‚ÜĎk - 1) - 1) < Real.log (‚ąŹ i ‚ąą range k, (2 * ‚ÜĎi + 1)) ‚ąß
    Real.log (‚ąŹ i ‚ąą range k, (2 * ‚ÜĎi + 1)) < (2 * ‚ÜĎk + 1) / 2 * (Real.log (2 * ‚ÜĎk + 1) - 1)
hkk : 1 ‚Č§ ‚ÜĎk
hd1 : 0 < 2 * ‚ÜĎk - 1
hd2 : 0 < 2 * ‚ÜĎk + 1
hd3 : 0 < 2 * ‚ÜĎk + 3
hlow : Real.log (2 * ‚ÜĎk + 1) - Real.log (2 * ‚ÜĎk - 1) ‚Č§ (2 * ‚ÜĎk + 1) / (2 * ‚ÜĎk - 1) - 1
‚äĘ 2 * ‚ÜĎk + 1 - (2 * ‚ÜĎk - 1) = 2
error: Solution.lean:56:91: unsolved goals
n : ‚Ąē
hn : 0 < n
lt_of_log_lt : ‚ąÄ (a b : ‚ĄĚ), 0 < a ‚Üí 0 < b ‚Üí Real.log a < Real.log b ‚Üí a < b
m k : ‚Ąē
hk : 1 ‚Č§ k
ih :
  (2 * ‚ÜĎk - 1) / 2 * (Real.log (2 * ‚ÜĎk - 1) - 1) < Real.log (‚ąŹ i ‚ąą range k, (2 * ‚ÜĎi + 1)) ‚ąß
    Real.log (‚ąŹ i ‚ąą range k, (2 * ‚ÜĎi + 1)) < (2 * ‚ÜĎk + 1) / 2 * (Real.log (2 * ‚ÜĎk + 1) - 1)
hkk : 1 ‚Č§ ‚ÜĎk
hd1 : 0 < 2 * ‚ÜĎk - 1
hd2 : 0 < 2 * ‚ÜĎk + 1
hd3 : 0 < 2 * ‚ÜĎk + 3
hlow : Real.log (2 * ‚ÜĎk + 1) - Real.log (2 * ‚ÜĎk - 1) ‚Č§ (2 * ‚ÜĎk + 1) / (2 * ‚ÜĎk - 1) - 1
hab : (2 * ‚ÜĎk - 1) * (Real.log (2 * ‚ÜĎk + 1) - Real.log (2 * ‚ÜĎk - 1)) ‚Č§ 2
hhig : Real.log (2 * ‚ÜĎk + 1) - Real.log (2 * ‚ÜĎk + 3) ‚Č§ (2 * ‚ÜĎk + 1) / (2 * ‚ÜĎk + 3) - 1
‚äĘ 2 * ‚ÜĎk + 1 - (2 * ‚ÜĎk + 3) = -2
warning: Solution.lean:25:16: This simp argument is unused:
  Finset.prod_range_one

Hint: Omit it from the simp argument list.
  simp [FŐĶiŐĶnŐĶsŐĶeŐĶtŐĶ.ŐĶpŐĶrŐĶoŐĶdŐĶ_ŐĶrŐĶaŐĶnŐĶgŐĶeŐĶ_ŐĶoŐĶnŐĶeŐĶ,ŐĶ ŐĶReal.log_one]

Note: This linter can be disabled with `set_option linter.unusedSimpArgs false`
error: Lean exited with code 1
Some required targets logged failures:
- Solution

--- stderr ---
error: build failed
